2025-08-16 15:38:24.538-03:00 | INFO  | main | b.c.t.o.OrderManagementApiApplication | Starting OrderManagementApiApplication using Java 17.0.15 with PID 14564 (C:\Users\Tatah\Documents\Projetos Git\order-management-api\target\classes started by Tatah in C:\Users\Tatah\Documents\Projetos Git\order-management-api) 
2025-08-16 15:38:24.540-03:00 | DEBUG | main | b.c.t.o.OrderManagementApiApplication | Running with Spring Boot v3.5.4, Spring v6.2.9 
2025-08-16 15:38:24.540-03:00 | INFO  | main | b.c.t.o.OrderManagementApiApplication | The following 1 profile is active: "dev" 
2025-08-16 15:38:26.117-03:00 | INFO  | main | o.a.coyote.http11.Http11NioProtocol | Initializing ProtocolHandler ["http-nio-8080"] 
2025-08-16 15:38:26.120-03:00 | INFO  | main | o.a.catalina.core.StandardService | Starting service [Tomcat] 
2025-08-16 15:38:26.120-03:00 | INFO  | main | o.a.catalina.core.StandardEngine | Starting Servlet engine: [Apache Tomcat/10.1.43] 
2025-08-16 15:38:26.214-03:00 | INFO  | main | o.a.c.c.C.[Tomcat].[localhost].[/] | Initializing Spring embedded WebApplicationContext 
2025-08-16 15:38:26.986-03:00 | INFO  | main | com.zaxxer.hikari.HikariDataSource | HikariPool-1 - Starting... 
2025-08-16 15:38:27.164-03:00 | INFO  | main | com.zaxxer.hikari.pool.HikariPool | HikariPool-1 - Added connection conn0: url=jdbc:h2:mem:testdb user=SA 
2025-08-16 15:38:27.166-03:00 | INFO  | main | com.zaxxer.hikari.HikariDataSource | HikariPool-1 - Start completed. 
2025-08-16 15:38:27.189-03:00 | WARN  | main | org.hibernate.orm.deprecation | HHH90000025: H2Dialect does not need to be specified explicitly using 'hibernate.dialect' (remove the property setting and it will be selected by default) 
2025-08-16 15:38:28.749-03:00 | WARN  | main | o.s.b.a.o.j.JpaBaseConfiguration$JpaWebConfiguration | spring.jpa.open-in-view is enabled by default. Therefore, database queries may be performed during view rendering. Explicitly configure spring.jpa.open-in-view to disable this warning 
2025-08-16 15:38:28.790-03:00 | WARN  | main | o.s.b.a.s.s.UserDetailsServiceAutoConfiguration | 

Using generated security password: 3f6e7bbd-f0d4-45bf-8652-57dc8ab8f441

This generated password is for development use only. Your security configuration must be updated before running your application in production.
 
2025-08-16 15:38:29.559-03:00 | INFO  | main | o.a.coyote.http11.Http11NioProtocol | Starting ProtocolHandler ["http-nio-8080"] 
2025-08-16 15:38:29.596-03:00 | INFO  | main | b.c.t.o.OrderManagementApiApplication | Started OrderManagementApiApplication in 5.651 seconds (process running for 6.041) 
2025-08-16 15:45:13.810-03:00 | INFO  | http-nio-8080-exec-1 | o.a.c.c.C.[Tomcat].[localhost].[/] | Initializing Spring DispatcherServlet 'dispatcherServlet' 
2025-08-16 15:45:14.000-03:00 | WARN  | http-nio-8080-exec-1 | b.c.t.o.e.GlobalExceptionHandler | Customer not found: Cliente não encontrado com id: 1 
2025-08-16 15:45:20.626-03:00 | WARN  | http-nio-8080-exec-2 | b.c.t.o.e.GlobalExceptionHandler | Customer not found: Cliente não encontrado com id: 1 
2025-08-16 15:45:36.088-03:00 | WARN  | http-nio-8080-exec-3 | b.c.t.o.e.GlobalExceptionHandler | No such element: Cliente não encontrado com id: 1 
